2023-04-02 23:06:41.482276 - Initialized conversion of CBT271
2023-04-02 23:06:41.678243 - Received CBT.V504.FILE271.PDS from FILE271.XMI 
2023-04-02 23:06:41.681331 - Found $$$#DATE.txt (text/plain) in CBT.V504.FILE271.PDS, moved to PDS/$$$#DATE
2023-04-02 23:06:41.681344 - Found ##V3R2M4.bin containing application/octet-stream, moved to PDS/##V3R2M4
2023-04-02 23:06:41.682819 - Found #CHANGES.bin containing application/octet-stream, moved to PDS/#CHANGES
2023-04-02 23:06:41.685242 - Found #CPYRITE.txt (text/plain) in CBT.V504.FILE271.PDS, moved to PDS/#CPYRITE
2023-04-02 23:06:41.685256 - Found #DINSTLL.bin containing application/octet-stream, moved to PDS/#DINSTLL
2023-04-02 23:06:41.687152 - Found #DISTRIB.txt (text/plain) in CBT.V504.FILE271.PDS, moved to PDS/#DISTRIB
2023-04-02 23:06:41.687163 - Found #INSTALL.bin containing application/octet-stream, moved to PDS/#INSTALL
2023-04-02 23:06:41.688324 - Found #USERGDE.bin containing application/octet-stream, moved to PDS/#USERGDE
2023-04-02 23:06:41.690233 - Found #YSP311.txt (text/plain) in CBT.V504.FILE271.PDS, moved to PDS/#YSP311
2023-04-02 23:06:41.691207 - Found #YSP312.txt (text/plain) in CBT.V504.FILE271.PDS, moved to PDS/#YSP312
2023-04-02 23:06:41.692339 - Found #YSP313.txt (text/plain) in CBT.V504.FILE271.PDS, moved to PDS/#YSP313
2023-04-02 23:06:41.692349 - Found #YSP314.bin containing application/octet-stream, moved to PDS/#YSP314
2023-04-02 23:06:41.694858 - Found #ZSP131.txt (text/plain) in CBT.V504.FILE271.PDS, moved to PDS/#ZSP131
2023-04-02 23:06:41.696322 - Found #ZSP132.txt (text/plain) in CBT.V504.FILE271.PDS, moved to PDS/#ZSP132
2023-04-02 23:06:41.697544 - Found #ZSP133.txt (text/plain) in CBT.V504.FILE271.PDS, moved to PDS/#ZSP133
2023-04-02 23:06:41.697558 - Found #ZSP134.bin containing application/octet-stream, moved to PDS/#ZSP134
2023-04-02 23:06:41.700132 - Found #ZSP211.txt (text/plain) in CBT.V504.FILE271.PDS, moved to PDS/#ZSP211
2023-04-02 23:06:41.701329 - Found #ZSP212.txt (text/plain) in CBT.V504.FILE271.PDS, moved to PDS/#ZSP212
2023-04-02 23:06:41.702277 - Found #ZSP213.txt (text/plain) in CBT.V504.FILE271.PDS, moved to PDS/#ZSP213
2023-04-02 23:06:41.702289 - Found #ZSP214.bin containing application/octet-stream, moved to PDS/#ZSP214
2023-04-02 23:06:41.704587 - Found #ZSP221.txt (text/plain) in CBT.V504.FILE271.PDS, moved to PDS/#ZSP221
2023-04-02 23:06:41.705971 - Found #ZSP222.txt (text/plain) in CBT.V504.FILE271.PDS, moved to PDS/#ZSP222
2023-04-02 23:06:41.707332 - Found #ZSP223.txt (text/plain) in CBT.V504.FILE271.PDS, moved to PDS/#ZSP223
2023-04-02 23:06:41.707350 - Found #ZSP224.bin containing application/octet-stream, moved to PDS/#ZSP224
2023-04-02 23:06:41.710432 - Found @FILE271.txt (text/plain) in CBT.V504.FILE271.PDS, moved to PDS/@FILE271
2023-04-02 23:06:41.711901 - Found IEFCVRWA.txt (text/plain) in CBT.V504.FILE271.PDS, moved to PDS/IEFCVRWA
2023-04-02 23:06:41.713543 - Found IEFVPP.txt (text/plain) in CBT.V504.FILE271.PDS, moved to PDS/IEFVPP
2023-04-02 23:06:41.713561 - Found VPPOBJ.bin containing application/octet-stream, moved to PDS/VPPOBJ
